[0m22:14:38.901538 [debug] [MainThread]: Sending event: {'category': 'dbt', 'action': 'invocation', 'label': 'start', 'context': [<snowplow_tracker.self_describing_json.SelfDescribingJson object at 0x1067157f0>, <snowplow_tracker.self_describing_json.SelfDescribingJson object at 0x10673f5f0>, <snowplow_tracker.self_describing_json.SelfDescribingJson object at 0x10673f350>]}


============================== 22:14:38.904113 | dd9611a6-a974-4397-9a56-9bd559177814 ==============================
[0m22:14:38.904113 [info ] [MainThread]: Running with dbt=1.8.5
[0m22:14:38.904418 [debug] [MainThread]: running dbt with arguments {'printer_width': '80', 'indirect_selection': 'eager', 'log_cache_events': 'False', 'write_json': 'True', 'partial_parse': 'True', 'cache_selected_only': 'False', 'profiles_dir': '/Users/melissagalvez/.dbt', 'fail_fast': 'False', 'version_check': 'True', 'log_path': 'logs', 'debug': 'False', 'warn_error': 'None', 'use_colors': 'True', 'use_experimental_parser': 'False', 'no_print': 'None', 'quiet': 'False', 'empty': 'None', 'log_format': 'default', 'invocation_command': 'dbt init', 'static_parser': 'True', 'introspect': 'True', 'target_path': 'None', 'warn_error_options': 'WarnErrorOptions(include=[], exclude=[])', 'send_anonymous_usage_stats': 'True'}
[0m22:14:38.912496 [warn ] [MainThread]: [ConfigFolderDirectory]: Unable to parse dict {'dir': PosixPath('/Users/melissagalvez/.dbt')}
[0m22:14:38.912699 [info ] [MainThread]: Creating dbt configuration folder at 
[0m22:15:27.094993 [debug] [MainThread]: Starter project path: /Users/melissagalvez/Documents/challenge/ng-challenge/dbt/dbt-env/lib/python3.12/site-packages/dbt/include/starter_project
[0m22:15:27.110347 [info ] [MainThread]: 
Your new dbt project "analytics" was created!

For more information on how to configure the profiles.yml file,
please consult the dbt documentation here:

  https://docs.getdbt.com/docs/configure-your-profile

One more thing:

Need help? Don't hesitate to reach out to us via GitHub issues or on Slack:

  https://community.getdbt.com/

Happy modeling!

[0m22:15:27.111787 [info ] [MainThread]: Setting up your profile.
[0m22:17:51.742514 [info ] [MainThread]: Profile analytics written to /Users/melissagalvez/.dbt/profiles.yml using target's profile_template.yml and your supplied values. Run 'dbt debug' to validate the connection.
[0m22:17:51.750588 [debug] [MainThread]: Resource report: {"command_name": "init", "command_success": true, "command_wall_clock_time": 192.89223, "process_user_time": 0.781142, "process_kernel_time": 0.204741, "process_mem_max_rss": "106070016", "process_in_blocks": "0", "process_out_blocks": "0"}
[0m22:17:51.752270 [debug] [MainThread]: Command `dbt init` succeeded at 22:17:51.752022 after 192.89 seconds
[0m22:17:51.753330 [debug] [MainThread]: Sending event: {'category': 'dbt', 'action': 'invocation', 'label': 'end', 'context': [<snowplow_tracker.self_describing_json.SelfDescribingJson object at 0x100862b10>, <snowplow_tracker.self_describing_json.SelfDescribingJson object at 0x1062627e0>, <snowplow_tracker.self_describing_json.SelfDescribingJson object at 0x10719b410>]}
[0m22:17:51.754114 [debug] [MainThread]: Flushing usage events
